# JRE version: 7.0_25-b17
# Java VM: Java HotSpot(TM) 64-Bit Server VM (23.25-b01 mixed mode windows-amd64 compressed oops)
Heap
 PSYoungGen      total 70144K, used 54700K [0x00000000eaab0000, 0x00000000ef470000, 0x0000000100000000)
  eden space 64768K, 76% used [0x00000000eaab0000,0x00000000edadda30,0x00000000ee9f0000)
  from space 5376K, 99% used [0x00000000ee9f0000,0x00000000eef2d998,0x00000000eef30000)
  to   space 5376K, 0% used [0x00000000eef30000,0x00000000eef30000,0x00000000ef470000)
 ParOldGen       total 86400K, used 12551K [0x00000000c0000000, 0x00000000c5460000, 0x00000000eaab0000)
  object space 86400K, 14% used [0x00000000c0000000,0x00000000c0c41d98,0x00000000c5460000)
 PSPermGen       total 21248K, used 6182K [0x00000000bae00000, 0x00000000bc2c0000, 0x00000000c0000000)
  object space 21248K, 29% used [0x00000000bae00000,0x00000000bb409830,0x00000000bc2c0000)
GC Heap History (6 events):
Event: 1.396 GC heap before
{Heap before GC invocations=1 (full 0):
 PSYoungGen      total 37760K, used 32384K [0x00000000eaab0000, 0x00000000ed4d0000, 0x0000000100000000)
  eden space 32384K, 100% used [0x00000000eaab0000,0x00000000eca50000,0x00000000eca50000)
  from space 5376K, 0% used [0x00000000ecf90000,0x00000000ecf90000,0x00000000ed4d0000)
  to   space 5376K, 0% used [0x00000000eca50000,0x00000000eca50000,0x00000000ecf90000)
 ParOldGen       total 86400K, used 0K [0x00000000c0000000, 0x00000000c5460000, 0x00000000eaab0000)
  object space 86400K, 0% used [0x00000000c0000000,0x00000000c0000000,0x00000000c5460000)
 PSPermGen       total 21248K, used 5900K [0x00000000bae00000, 0x00000000bc2c0000, 0x00000000c0000000)
  object space 21248K, 27% used [0x00000000bae00000,0x00000000bb3c3380,0x00000000bc2c0000)
Event: 1.431 GC heap after
Heap after GC invocations=1 (full 0):
 PSYoungGen      total 37760K, used 5003K [0x00000000eaab0000, 0x00000000ef470000, 0x0000000100000000)
  eden space 32384K, 0% used [0x00000000eaab0000,0x00000000eaab0000,0x00000000eca50000)
  from space 5376K, 93% used [0x00000000eca50000,0x00000000ecf32f58,0x00000000ecf90000)
  to   space 5376K, 0% used [0x00000000eef30000,0x00000000eef30000,0x00000000ef470000)
 ParOldGen       total 86400K, used 8K [0x00000000c0000000, 0x00000000c5460000, 0x00000000eaab0000)
  object space 86400K, 0% used [0x00000000c0000000,0x00000000c0002000,0x00000000c5460000)
 PSPermGen       total 21248K, used 5900K [0x00000000bae00000, 0x00000000bc2c0000, 0x00000000c0000000)
  object space 21248K, 27% used [0x00000000bae00000,0x00000000bb3c3380,0x00000000bc2c0000)
}
Event: 1.822 GC heap before
{Heap before GC invocations=2 (full 0):
 PSYoungGen      total 37760K, used 37387K [0x00000000eaab0000, 0x00000000ef470000, 0x0000000100000000)
  eden space 32384K, 100% used [0x00000000eaab0000,0x00000000eca50000,0x00000000eca50000)
  from space 5376K, 93% used [0x00000000eca50000,0x00000000ecf32f58,0x00000000ecf90000)
  to   space 5376K, 0% used [0x00000000eef30000,0x00000000eef30000,0x00000000ef470000)
 ParOldGen       total 86400K, used 8K [0x00000000c0000000, 0x00000000c5460000, 0x00000000eaab0000)
  object space 86400K, 0% used [0x00000000c0000000,0x00000000c0002000,0x00000000c5460000)
 PSPermGen       total 21248K, used 6092K [0x00000000bae00000, 0x00000000bc2c0000, 0x00000000c0000000)
  object space 21248K, 28% used [0x00000000bae00000,0x00000000bb3f3360,0x00000000bc2c0000)
Event: 1.858 GC heap after
Heap after GC invocations=2 (full 0):
 PSYoungGen      total 70144K, used 5368K [0x00000000eaab0000, 0x00000000ef470000, 0x0000000100000000)
  eden space 64768K, 0% used [0x00000000eaab0000,0x00000000eaab0000,0x00000000ee9f0000)
  from space 5376K, 99% used [0x00000000eef30000,0x00000000ef46e208,0x00000000ef470000)
  to   space 5376K, 0% used [0x00000000ee9f0000,0x00000000ee9f0000,0x00000000eef30000)
 ParOldGen       total 86400K, used 2609K [0x00000000c0000000, 0x00000000c5460000, 0x00000000eaab0000)
  object space 86400K, 3% used [0x00000000c0000000,0x00000000c028c768,0x00000000c5460000)
 PSPermGen       total 21248K, used 6092K [0x00000000bae00000, 0x00000000bc2c0000, 0x00000000c0000000)
  object space 21248K, 28% used [0x00000000bae00000,0x00000000bb3f3360,0x00000000bc2c0000)
}
Event: 2.559 GC heap before
{Heap before GC invocations=3 (full 0):
 PSYoungGen      total 70144K, used 70136K [0x00000000eaab0000, 0x00000000ef470000, 0x0000000100000000)
  eden space 64768K, 100% used [0x00000000eaab0000,0x00000000ee9f0000,0x00000000ee9f0000)
  from space 5376K, 99% used [0x00000000eef30000,0x00000000ef46e208,0x00000000ef470000)
  to   space 5376K, 0% used [0x00000000ee9f0000,0x00000000ee9f0000,0x00000000eef30000)
 ParOldGen       total 86400K, used 2609K [0x00000000c0000000, 0x00000000c5460000, 0x00000000eaab0000)
  object space 86400K, 3% used [0x00000000c0000000,0x00000000c028c768,0x00000000c5460000)
 PSPermGen       total 21248K, used 6158K [0x00000000bae00000, 0x00000000bc2c0000, 0x00000000c0000000)
  object space 21248K, 28% used [0x00000000bae00000,0x00000000bb403b90,0x00000000bc2c0000)
Event: 2.578 GC heap after
Heap after GC invocations=3 (full 0):
 PSYoungGen      total 70144K, used 5366K [0x00000000eaab0000, 0x00000000ef470000, 0x0000000100000000)
  eden space 64768K, 0% used [0x00000000eaab0000,0x00000000eaab0000,0x00000000ee9f0000)
  from space 5376K, 99% used [0x00000000ee9f0000,0x00000000eef2d998,0x00000000eef30000)
  to   space 5376K, 0% used [0x00000000eef30000,0x00000000eef30000,0x00000000ef470000)
 ParOldGen       total 86400K, used 12551K [0x00000000c0000000, 0x00000000c5460000, 0x00000000eaab0000)
  object space 86400K, 14% used [0x00000000c0000000,0x00000000c0c41d98,0x00000000c5460000)
 PSPermGen       total 21248K, used 6158K [0x00000000bae00000, 0x00000000bc2c0000, 0x00000000c0000000)
  object space 21248K, 28% used [0x00000000bae00000,0x00000000bb403b90,0x00000000bc2c0000)
}

