# JRE version: 7.0_25-b17
# Java VM: Java HotSpot(TM) 64-Bit Server VM (23.25-b01 mixed mode windows-amd64 compressed oops)
Heap
 PSYoungGen      total 70144K, used 67944K [0x00000000eaab0000, 0x00000000ef470000, 0x0000000100000000)
  eden space 64768K, 96% used [0x00000000eaab0000,0x00000000ee7ce350,0x00000000ee9f0000)
  from space 5376K, 99% used [0x00000000eef30000,0x00000000ef46bcb8,0x00000000ef470000)
  to   space 5376K, 0% used [0x00000000ee9f0000,0x00000000ee9f0000,0x00000000eef30000)
 ParOldGen       total 86400K, used 4141K [0x00000000c0000000, 0x00000000c5460000, 0x00000000eaab0000)
  object space 86400K, 4% used [0x00000000c0000000,0x00000000c040b7b0,0x00000000c5460000)
 PSPermGen       total 21248K, used 6335K [0x00000000bae00000, 0x00000000bc2c0000, 0x00000000c0000000)
  object space 21248K, 29% used [0x00000000bae00000,0x00000000bb42ffd8,0x00000000bc2c0000)
GC Heap History (4 events):
Event: 0.794 GC heap before
{Heap before GC invocations=1 (full 0):
 PSYoungGen      total 37760K, used 32384K [0x00000000eaab0000, 0x00000000ed4d0000, 0x0000000100000000)
  eden space 32384K, 100% used [0x00000000eaab0000,0x00000000eca50000,0x00000000eca50000)
  from space 5376K, 0% used [0x00000000ecf90000,0x00000000ecf90000,0x00000000ed4d0000)
  to   space 5376K, 0% used [0x00000000eca50000,0x00000000eca50000,0x00000000ecf90000)
 ParOldGen       total 86400K, used 0K [0x00000000c0000000, 0x00000000c5460000, 0x00000000eaab0000)
  object space 86400K, 0% used [0x00000000c0000000,0x00000000c0000000,0x00000000c5460000)
 PSPermGen       total 21248K, used 5942K [0x00000000bae00000, 0x00000000bc2c0000, 0x00000000c0000000)
  object space 21248K, 27% used [0x00000000bae00000,0x00000000bb3cdbe0,0x00000000bc2c0000)
Event: 0.811 GC heap after
Heap after GC invocations=1 (full 0):
 PSYoungGen      total 37760K, used 5372K [0x00000000eaab0000, 0x00000000ef470000, 0x0000000100000000)
  eden space 32384K, 0% used [0x00000000eaab0000,0x00000000eaab0000,0x00000000eca50000)
  from space 5376K, 99% used [0x00000000eca50000,0x00000000ecf8f1b8,0x00000000ecf90000)
  to   space 5376K, 0% used [0x00000000eef30000,0x00000000eef30000,0x00000000ef470000)
 ParOldGen       total 86400K, used 388K [0x00000000c0000000, 0x00000000c5460000, 0x00000000eaab0000)
  object space 86400K, 0% used [0x00000000c0000000,0x00000000c0061278,0x00000000c5460000)
 PSPermGen       total 21248K, used 5942K [0x00000000bae00000, 0x00000000bc2c0000, 0x00000000c0000000)
  object space 21248K, 27% used [0x00000000bae00000,0x00000000bb3cdbe0,0x00000000bc2c0000)
}
Event: 1.267 GC heap before
{Heap before GC invocations=2 (full 0):
 PSYoungGen      total 37760K, used 37756K [0x00000000eaab0000, 0x00000000ef470000, 0x0000000100000000)
  eden space 32384K, 100% used [0x00000000eaab0000,0x00000000eca50000,0x00000000eca50000)
  from space 5376K, 99% used [0x00000000eca50000,0x00000000ecf8f1b8,0x00000000ecf90000)
  to   space 5376K, 0% used [0x00000000eef30000,0x00000000eef30000,0x00000000ef470000)
 ParOldGen       total 86400K, used 388K [0x00000000c0000000, 0x00000000c5460000, 0x00000000eaab0000)
  object space 86400K, 0% used [0x00000000c0000000,0x00000000c0061278,0x00000000c5460000)
 PSPermGen       total 21248K, used 6101K [0x00000000bae00000, 0x00000000bc2c0000, 0x00000000c0000000)
  object space 21248K, 28% used [0x00000000bae00000,0x00000000bb3f56f0,0x00000000bc2c0000)
Event: 1.304 GC heap after
Heap after GC invocations=2 (full 0):
 PSYoungGen      total 70144K, used 5359K [0x00000000eaab0000, 0x00000000ef470000, 0x0000000100000000)
  eden space 64768K, 0% used [0x00000000eaab0000,0x00000000eaab0000,0x00000000ee9f0000)
  from space 5376K, 99% used [0x00000000eef30000,0x00000000ef46bcb8,0x00000000ef470000)
  to   space 5376K, 0% used [0x00000000ee9f0000,0x00000000ee9f0000,0x00000000eef30000)
 ParOldGen       total 86400K, used 4141K [0x00000000c0000000, 0x00000000c5460000, 0x00000000eaab0000)
  object space 86400K, 4% used [0x00000000c0000000,0x00000000c040b7b0,0x00000000c5460000)
 PSPermGen       total 21248K, used 6101K [0x00000000bae00000, 0x00000000bc2c0000, 0x00000000c0000000)
  object space 21248K, 28% used [0x00000000bae00000,0x00000000bb3f56f0,0x00000000bc2c0000)
}

